<?xml version="1.0" encoding="UTF-8"?>
<!-- Generated by org.testng.reporters.JUnitXMLReporter -->
<testsuite hostname="Umangs-MacBook-Air.local" ignored="1" name="Default test" tests="3" failures="0" timestamp="2021-06-01T13:07:17 IST" time="0.096" errors="0">
  <testcase name="testAddition" time="0.016" classname="com.economist.tests.TestArithmeticOperations"/>
  <testcase name="testMultiplication" time="0.002" classname="com.economist.tests.TestArithmeticOperations"/>
  <testcase name="testSubtraction" time="0.002" classname="com.economist.tests.TestArithmeticOperations"/>
  <testcase name="testDivision" time="0.0" classname="com.economist.tests.TestArithmeticOperations">
    <ignored/>
  </testcase> <!-- testDivision -->
</testsuite> <!-- Default test -->
