<?xml version="1.0" encoding="UTF-8"?>
<!-- Generated by org.testng.reporters.JUnitXMLReporter -->
<testsuite hostname="Umangs-MacBook-Air.local" ignored="0" name="Test" tests="4" failures="1" timestamp="2021-06-01T13:14:53 IST" time="0.085" errors="0">
  <testcase name="testAddition" time="0.011" classname="com.economist.tests.TestArithmeticOperations"/>
  <testcase name="testDivision" time="0.002" classname="com.economist.tests.TestArithmeticOperations">
    <failure type="java.lang.IllegalArgumentException" message="Cannot accept infinity as argument">
      <![CDATA[java.lang.IllegalArgumentException: Cannot accept infinity as argument
at com.economist.arithmetic.ArithmeticOperations.div(ArithmeticOperations.java:29)
at com.economist.tests.TestArithmeticOperations.testDivision(TestArithmeticOperations.java:44)
at java.util.ArrayList.forEach(ArrayList.java:1257)
... Removed 27 stack frames]]>
    </failure>
  </testcase> <!-- testDivision -->
  <testcase name="testMultiplication" time="0.002" classname="com.economist.tests.TestArithmeticOperations"/>
  <testcase name="testSubtraction" time="0.003" classname="com.economist.tests.TestArithmeticOperations"/>
</testsuite> <!-- Test -->
