<?xml version="1.0" encoding="UTF-8"?>
<testng-results skipped="0" failed="1" ignored="0" total="4" passed="3">
  <reporter-output>
  </reporter-output>
  <suite name="Suite" duration-ms="85" started-at="2021-06-01T13:14:53 IST" finished-at="2021-06-01T13:14:53 IST">
    <groups>
    </groups>
    <test name="Test" duration-ms="85" started-at="2021-06-01T13:14:53 IST" finished-at="2021-06-01T13:14:53 IST">
      <class name="com.economist.tests.TestArithmeticOperations">
        <test-method status="PASS" signature="testAddition()[pri:0, instance:com.economist.tests.TestArithmeticOperations@1efed156]" name="testAddition" duration-ms="11" started-at="2021-06-01T13:14:53 IST" finished-at="2021-06-01T13:14:53 IST">
          <reporter-output>
          </reporter-output>
        </test-method> <!-- testAddition -->
        <test-method status="FAIL" signature="testDivision()[pri:0, instance:com.economist.tests.TestArithmeticOperations@1efed156]" name="testDivision" duration-ms="2" started-at="2021-06-01T13:14:53 IST" finished-at="2021-06-01T13:14:53 IST">
          <exception class="java.lang.IllegalArgumentException">
            <message>
              <![CDATA[Cannot accept infinity as argument]]>
            </message>
            <full-stacktrace>
              <![CDATA[java.lang.IllegalArgumentException: Cannot accept infinity as argument
at com.economist.arithmetic.ArithmeticOperations.div(ArithmeticOperations.java:29)
at com.economist.tests.TestArithmeticOperations.testDivision(TestArithmeticOperations.java:44)
at sun.reflect.NativeMethodAccessorImpl.invoke0(Native Method)
at sun.reflect.NativeMethodAccessorImpl.invoke(NativeMethodAccessorImpl.java:62)
at sun.reflect.DelegatingMethodAccessorImpl.invoke(DelegatingMethodAccessorImpl.java:43)
at java.lang.reflect.Method.invoke(Method.java:498)
at org.testng.internal.MethodInvocationHelper.invokeMethod(MethodInvocationHelper.java:133)
at org.testng.internal.TestInvoker.invokeMethod(TestInvoker.java:598)
at org.testng.internal.TestInvoker.invokeTestMethod(TestInvoker.java:173)
at org.testng.internal.MethodRunner.runInSequence(MethodRunner.java:46)
at org.testng.internal.TestInvoker$MethodInvocationAgent.invoke(TestInvoker.java:824)
at org.testng.internal.TestInvoker.invokeTestMethods(TestInvoker.java:146)
at org.testng.internal.TestMethodWorker.invokeTestMethods(TestMethodWorker.java:146)
at org.testng.internal.TestMethodWorker.run(TestMethodWorker.java:128)
at java.util.ArrayList.forEach(ArrayList.java:1257)
at org.testng.TestRunner.privateRun(TestRunner.java:794)
at org.testng.TestRunner.run(TestRunner.java:596)
at org.testng.SuiteRunner.runTest(SuiteRunner.java:377)
at org.testng.SuiteRunner.runSequentially(SuiteRunner.java:371)
at org.testng.SuiteRunner.privateRun(SuiteRunner.java:332)
at org.testng.SuiteRunner.run(SuiteRunner.java:276)
at org.testng.SuiteRunnerWorker.runSuite(SuiteRunnerWorker.java:53)
at org.testng.SuiteRunnerWorker.run(SuiteRunnerWorker.java:96)
at org.testng.TestNG.runSuitesSequentially(TestNG.java:1212)
at org.testng.TestNG.runSuitesLocally(TestNG.java:1134)
at org.testng.TestNG.runSuites(TestNG.java:1063)
at org.testng.TestNG.run(TestNG.java:1031)
at org.testng.remote.AbstractRemoteTestNG.run(AbstractRemoteTestNG.java:115)
at org.testng.remote.RemoteTestNG.initAndRun(RemoteTestNG.java:251)
at org.testng.remote.RemoteTestNG.main(RemoteTestNG.java:77)
]]>
            </full-stacktrace>
          </exception> <!-- java.lang.IllegalArgumentException -->
          <reporter-output>
          </reporter-output>
        </test-method> <!-- testDivision -->
        <test-method status="PASS" signature="testMultiplication()[pri:0, instance:com.economist.tests.TestArithmeticOperations@1efed156]" name="testMultiplication" duration-ms="2" started-at="2021-06-01T13:14:53 IST" finished-at="2021-06-01T13:14:53 IST">
          <reporter-output>
          </reporter-output>
        </test-method> <!-- testMultiplication -->
        <test-method status="PASS" signature="testSubtraction()[pri:0, instance:com.economist.tests.TestArithmeticOperations@1efed156]" name="testSubtraction" duration-ms="3" started-at="2021-06-01T13:14:53 IST" finished-at="2021-06-01T13:14:53 IST">
          <reporter-output>
          </reporter-output>
        </test-method> <!-- testSubtraction -->
      </class> <!-- com.economist.tests.TestArithmeticOperations -->
    </test> <!-- Test -->
  </suite> <!-- Suite -->
</testng-results>
